
--------------------------------------------------
TXLib соболезнует...

Программа: D:\GitHub\Processor\asm.exe,

ВНЕЗАПНО: signal (22, 0x00): SIGABRT: Аварийное завершение программы, вызвана функция abort(). 

С помощью функции signal() вы можете сами обработать эту ошибку.

#1: TXLib [Ver: 00173a, Rev: 173, Date: 2024-06-23 22:37:05 +0400], Instance: 0x00007FF6861D74C8 (64-bit), Flags: Cmdre0, Thread: 0xF8 (Main), errno: 22 (Invalid argument), _doserrno: 131 (Unknown error). 

--------------------------------------------------
Стек вызовов:



--------------------------------------------------
Developed with:

The Dumb Artist Library (TX Library)
TXLib [Ver: 00173a, Rev: 173, Date: 2024-06-23 22:37:05 +0400]
Copyright (C) Ded (Ilya Dedinsky, http://txlib.ru) <mail@txlib.ru>
See license on: http://txlib.ru

TXLib file:	..\SuperLibs\TXLib.h
Compiled:	Nov  3 2024 13:43:04, GNU g++ 13.2.0, std=201703L, MinGW-W64 Runtime 11.0.1 (alpha - rev. 0) 0000-00-00, 64-bit, Debug
Started:	Nov 03 2024 14:06:21

Run file:	D:\GitHub\Processor\asm.exe
Directory:	D:\GitHub\Processor

--------------------------------------------------

--------------------------------------------------
TXLib соболезнует...

Программа: D:\GitHub\Processor\asm.exe,

ВНЕЗАПНО: signal (22, 0x00): SIGABRT: Аварийное завершение программы, вызвана функция abort(). 

С помощью функции signal() вы можете сами обработать эту ошибку.

#1: TXLib [Ver: 00173a, Rev: 173, Date: 2024-06-23 22:37:05 +0400], Instance: 0x00007FF6861D74C8 (64-bit), Flags: Cmdre0, Thread: 0x3470 (Main), errno: 22 (Invalid argument), _doserrno: 131 (Unknown error). 

--------------------------------------------------
Стек вызовов:



--------------------------------------------------
Developed with:

The Dumb Artist Library (TX Library)
TXLib [Ver: 00173a, Rev: 173, Date: 2024-06-23 22:37:05 +0400]
Copyright (C) Ded (Ilya Dedinsky, http://txlib.ru) <mail@txlib.ru>
See license on: http://txlib.ru

TXLib file:	..\SuperLibs\TXLib.h
Compiled:	Nov  3 2024 13:43:04, GNU g++ 13.2.0, std=201703L, MinGW-W64 Runtime 11.0.1 (alpha - rev. 0) 0000-00-00, 64-bit, Debug
Started:	Nov 03 2024 14:08:39

Run file:	D:\GitHub\Processor\asm.exe
Directory:	D:\GitHub\Processor

--------------------------------------------------
