
--------------------------------------------------
TXLib соболезнует...

Программа: D:\GitHub\Processor\proc.exe,

ВНЕЗАПНО: signal (22, 0x00): SIGABRT: Аварийное завершение программы, вызвана функция abort(). 

С помощью функции signal() вы можете сами обработать эту ошибку.

#1: TXLib [Ver: 00173a, Rev: 173, Date: 2024-06-23 22:37:05 +0400], Instance: 0x00007FF61FA38E50 (64-bit), Flags: Cmdre0, Thread: 0x9AC (Main), errno: 22 (Invalid argument), _doserrno: 131 (Unknown error). 

--------------------------------------------------
Стек вызовов:



--------------------------------------------------
Developed with:

The Dumb Artist Library (TX Library)
TXLib [Ver: 00173a, Rev: 173, Date: 2024-06-23 22:37:05 +0400]
Copyright (C) Ded (Ilya Dedinsky, http://txlib.ru) <mail@txlib.ru>
See license on: http://txlib.ru

TXLib file:	..\SuperLibs\TXLib.h
Compiled:	Oct 31 2024 22:36:30, GNU g++ 13.2.0, std=201703L, MinGW-W64 Runtime 11.0.1 (alpha - rev. 0) 0000-00-00, 64-bit, Debug
Started:	Oct 31 2024 22:36:52

Run file:	D:\GitHub\Processor\proc.exe
Directory:	D:\GitHub\Processor

--------------------------------------------------

--------------------------------------------------
TXLib соболезнует...

Программа: D:\GitHub\Processor\proc.exe,

ВНЕЗАПНО: signal (22, 0x00): SIGABRT: Аварийное завершение программы, вызвана функция abort(). 

С помощью функции signal() вы можете сами обработать эту ошибку.

#1: TXLib [Ver: 00173a, Rev: 173, Date: 2024-06-23 22:37:05 +0400], Instance: 0x00007FF61FA38E50 (64-bit), Flags: Cmdre0, Thread: 0x1AC4 (Main), errno: 22 (Invalid argument), _doserrno: 131 (Unknown error). 

--------------------------------------------------
Стек вызовов:



--------------------------------------------------
Developed with:

The Dumb Artist Library (TX Library)
TXLib [Ver: 00173a, Rev: 173, Date: 2024-06-23 22:37:05 +0400]
Copyright (C) Ded (Ilya Dedinsky, http://txlib.ru) <mail@txlib.ru>
See license on: http://txlib.ru

TXLib file:	..\SuperLibs\TXLib.h
Compiled:	Oct 31 2024 22:36:30, GNU g++ 13.2.0, std=201703L, MinGW-W64 Runtime 11.0.1 (alpha - rev. 0) 0000-00-00, 64-bit, Debug
Started:	Oct 31 2024 22:39:00

Run file:	D:\GitHub\Processor\proc.exe
Directory:	D:\GitHub\Processor

--------------------------------------------------

--------------------------------------------------
TXLib соболезнует...

Программа: D:\GitHub\Processor\proc.exe,

ВНЕЗАПНО: signal (22, 0x00): SIGABRT: Аварийное завершение программы, вызвана функция abort(). 

С помощью функции signal() вы можете сами обработать эту ошибку.

#1: TXLib [Ver: 00173a, Rev: 173, Date: 2024-06-23 22:37:05 +0400], Instance: 0x00007FF665B58E50 (64-bit), Flags: Cmdre0, Thread: 0x330C (Main), errno: 22 (Invalid argument), _doserrno: 131 (Unknown error). 

--------------------------------------------------
Стек вызовов:



--------------------------------------------------
Developed with:

The Dumb Artist Library (TX Library)
TXLib [Ver: 00173a, Rev: 173, Date: 2024-06-23 22:37:05 +0400]
Copyright (C) Ded (Ilya Dedinsky, http://txlib.ru) <mail@txlib.ru>
See license on: http://txlib.ru

TXLib file:	..\SuperLibs\TXLib.h
Compiled:	Nov  1 2024 01:57:12, GNU g++ 13.2.0, std=201703L, MinGW-W64 Runtime 11.0.1 (alpha - rev. 0) 0000-00-00, 64-bit, Debug
Started:	Nov 01 2024 01:57:22

Run file:	D:\GitHub\Processor\proc.exe
Directory:	D:\GitHub\Processor

--------------------------------------------------
