
--------------------------------------------------
TXLib предупреждает:

Программа: X:\proc.exe,

ВНЕЗАПНО: Нарушение доступа к памяти.

#1: Исключение EXCEPTION_ACCESS_VIOLATION (0xC0000005) при выполнении кода по адресу 0x00007FFE2509FAAD. Попытка записать данные по адресу 0x0000000000000038 в модуле C:\Windows\SYSTEM32\ntdll.dll. Спасибо _txVectoredExceptionHandler(), что сообщил. Люблю его <3

#1: TXLib [Ver: 00173a, Rev: 173, Date: 2024-06-23 22:37:05 +0400], Instance: 0x00007FF647E07FF0 (64-bit), Flags: Cmdre0, Thread: 0x3F90 (Main). 

--------------------------------------------------
Стек вызовов:



--------------------------------------------------
Developed with:

The Dumb Artist Library (TX Library)
TXLib [Ver: 00173a, Rev: 173, Date: 2024-06-23 22:37:05 +0400]
Copyright (C) Ded (Ilya Dedinsky, http://txlib.ru) <mail@txlib.ru>
See license on: http://txlib.ru

TXLib file:	..\SuperLibs\TXLib.h
Compiled:	Oct 25 2024 05:05:18, GNU g++ 13.2.0, std=201703L, MinGW-W64 Runtime 11.0.1 (alpha - rev. 0) 0000-00-00, 64-bit, Debug
Started:	Oct 25 2024 05:06:38

Run file:	X:\proc.exe
Directory:	X:\

--------------------------------------------------

--------------------------------------------------
TXLib соболезнует...

Программа: X:\proc.exe,

ВНЕЗАПНО: signal (11, 0x00): SIGSEGV: Доступ по неверному указателю. Ставьте ассерты! 

Нарушение доступа к памяти.

#1: Исключение EXCEPTION_ACCESS_VIOLATION (0xC0000005) при выполнении кода по адресу 0x00007FFE2509FAAD. Попытка записать данные по адресу 0x0000000000000038 в модуле C:\Windows\SYSTEM32\ntdll.dll. Спасибо _txVectoredExceptionHandler(), что сообщил. Люблю его <3

С помощью функции signal() вы можете сами обработать эту ошибку.

#2: TXLib [Ver: 00173a, Rev: 173, Date: 2024-06-23 22:37:05 +0400], Instance: 0x00007FF647E07FF0 (64-bit), Flags: Cmdre0, Thread: 0x3F90 (Main). 

--------------------------------------------------
Стек вызовов:



--------------------------------------------------
Developed with:

The Dumb Artist Library (TX Library)
TXLib [Ver: 00173a, Rev: 173, Date: 2024-06-23 22:37:05 +0400]
Copyright (C) Ded (Ilya Dedinsky, http://txlib.ru) <mail@txlib.ru>
See license on: http://txlib.ru

TXLib file:	..\SuperLibs\TXLib.h
Compiled:	Oct 25 2024 05:05:18, GNU g++ 13.2.0, std=201703L, MinGW-W64 Runtime 11.0.1 (alpha - rev. 0) 0000-00-00, 64-bit, Debug
Started:	Oct 25 2024 05:06:38

Run file:	X:\proc.exe
Directory:	X:\

--------------------------------------------------

--------------------------------------------------
TXLib предупреждает:

Программа: X:\proc.exe,

ВНЕЗАПНО: Нарушение доступа к памяти.

#1: Исключение EXCEPTION_ACCESS_VIOLATION (0xC0000005) при выполнении кода по адресу 0x00007FFE2509FAAD. Попытка записать данные по адресу 0x0000000000000038 в модуле C:\Windows\SYSTEM32\ntdll.dll. Спасибо _txVectoredExceptionHandler(), что сообщил. Люблю его <3

#1: TXLib [Ver: 00173a, Rev: 173, Date: 2024-06-23 22:37:05 +0400], Instance: 0x00007FF60A3E7FF0 (64-bit), Flags: Cmdre0, Thread: 0x97C (Main). 

--------------------------------------------------
Стек вызовов:



--------------------------------------------------
Developed with:

The Dumb Artist Library (TX Library)
TXLib [Ver: 00173a, Rev: 173, Date: 2024-06-23 22:37:05 +0400]
Copyright (C) Ded (Ilya Dedinsky, http://txlib.ru) <mail@txlib.ru>
See license on: http://txlib.ru

TXLib file:	..\SuperLibs\TXLib.h
Compiled:	Oct 25 2024 05:07:53, GNU g++ 13.2.0, std=201703L, MinGW-W64 Runtime 11.0.1 (alpha - rev. 0) 0000-00-00, 64-bit, Debug
Started:	Oct 25 2024 05:08:17

Run file:	X:\proc.exe
Directory:	X:\

--------------------------------------------------

--------------------------------------------------
TXLib соболезнует...

Программа: X:\proc.exe,

ВНЕЗАПНО: signal (11, 0x00): SIGSEGV: Доступ по неверному указателю. Ставьте ассерты! 

Нарушение доступа к памяти.

#1: Исключение EXCEPTION_ACCESS_VIOLATION (0xC0000005) при выполнении кода по адресу 0x00007FFE2509FAAD. Попытка записать данные по адресу 0x0000000000000038 в модуле C:\Windows\SYSTEM32\ntdll.dll. Спасибо _txVectoredExceptionHandler(), что сообщил. Люблю его <3

С помощью функции signal() вы можете сами обработать эту ошибку.

#2: TXLib [Ver: 00173a, Rev: 173, Date: 2024-06-23 22:37:05 +0400], Instance: 0x00007FF60A3E7FF0 (64-bit), Flags: Cmdre0, Thread: 0x97C (Main). 

--------------------------------------------------
Стек вызовов:



--------------------------------------------------
Developed with:

The Dumb Artist Library (TX Library)
TXLib [Ver: 00173a, Rev: 173, Date: 2024-06-23 22:37:05 +0400]
Copyright (C) Ded (Ilya Dedinsky, http://txlib.ru) <mail@txlib.ru>
See license on: http://txlib.ru

TXLib file:	..\SuperLibs\TXLib.h
Compiled:	Oct 25 2024 05:07:53, GNU g++ 13.2.0, std=201703L, MinGW-W64 Runtime 11.0.1 (alpha - rev. 0) 0000-00-00, 64-bit, Debug
Started:	Oct 25 2024 05:08:17

Run file:	X:\proc.exe
Directory:	X:\

--------------------------------------------------

--------------------------------------------------
TXLib предупреждает:

Программа: X:\proc.exe,

ВНЕЗАПНО: Нарушение доступа к памяти.

#1: Исключение EXCEPTION_ACCESS_VIOLATION (0xC0000005) при выполнении кода по адресу 0x00007FFE2509FAAD. Попытка записать данные по адресу 0x0000000000000038 в модуле C:\Windows\SYSTEM32\ntdll.dll. Спасибо _txVectoredExceptionHandler(), что сообщил. Люблю его <3

#1: TXLib [Ver: 00173a, Rev: 173, Date: 2024-06-23 22:37:05 +0400], Instance: 0x00007FF7A33E7FF0 (64-bit), Flags: Cmdre0, Thread: 0x2548 (Main). 

--------------------------------------------------
Стек вызовов:



--------------------------------------------------
Developed with:

The Dumb Artist Library (TX Library)
TXLib [Ver: 00173a, Rev: 173, Date: 2024-06-23 22:37:05 +0400]
Copyright (C) Ded (Ilya Dedinsky, http://txlib.ru) <mail@txlib.ru>
See license on: http://txlib.ru

TXLib file:	..\SuperLibs\TXLib.h
Compiled:	Oct 25 2024 05:09:38, GNU g++ 13.2.0, std=201703L, MinGW-W64 Runtime 11.0.1 (alpha - rev. 0) 0000-00-00, 64-bit, Debug
Started:	Oct 25 2024 05:09:47

Run file:	X:\proc.exe
Directory:	X:\

--------------------------------------------------

--------------------------------------------------
TXLib соболезнует...

Программа: X:\proc.exe,

ВНЕЗАПНО: signal (11, 0x00): SIGSEGV: Доступ по неверному указателю. Ставьте ассерты! 

Нарушение доступа к памяти.

#1: Исключение EXCEPTION_ACCESS_VIOLATION (0xC0000005) при выполнении кода по адресу 0x00007FFE2509FAAD. Попытка записать данные по адресу 0x0000000000000038 в модуле C:\Windows\SYSTEM32\ntdll.dll. Спасибо _txVectoredExceptionHandler(), что сообщил. Люблю его <3

С помощью функции signal() вы можете сами обработать эту ошибку.

#2: TXLib [Ver: 00173a, Rev: 173, Date: 2024-06-23 22:37:05 +0400], Instance: 0x00007FF7A33E7FF0 (64-bit), Flags: Cmdre0, Thread: 0x2548 (Main). 

--------------------------------------------------
Стек вызовов:



--------------------------------------------------
Developed with:

The Dumb Artist Library (TX Library)
TXLib [Ver: 00173a, Rev: 173, Date: 2024-06-23 22:37:05 +0400]
Copyright (C) Ded (Ilya Dedinsky, http://txlib.ru) <mail@txlib.ru>
See license on: http://txlib.ru

TXLib file:	..\SuperLibs\TXLib.h
Compiled:	Oct 25 2024 05:09:38, GNU g++ 13.2.0, std=201703L, MinGW-W64 Runtime 11.0.1 (alpha - rev. 0) 0000-00-00, 64-bit, Debug
Started:	Oct 25 2024 05:09:47

Run file:	X:\proc.exe
Directory:	X:\

--------------------------------------------------

--------------------------------------------------
TXLib предупреждает:

Программа: D:\GitHub\Processor\proc.exe,

ВНЕЗАПНО: Нарушение доступа к памяти.

#1: Исключение EXCEPTION_ACCESS_VIOLATION (0xC0000005) при выполнении кода по адресу 0x00007FFC9DB9FAAD. Попытка записать данные по адресу 0x0000000000000038 в модуле C:\Windows\SYSTEM32\ntdll.dll. Спасибо _txVectoredExceptionHandler(), что сообщил. Люблю его <3

#1: TXLib [Ver: 00173a, Rev: 173, Date: 2024-06-23 22:37:05 +0400], Instance: 0x00007FF713517FF0 (64-bit), Flags: Cmdre0, Thread: 0x35B8 (Main). 

--------------------------------------------------
Стек вызовов:



--------------------------------------------------
Developed with:

The Dumb Artist Library (TX Library)
TXLib [Ver: 00173a, Rev: 173, Date: 2024-06-23 22:37:05 +0400]
Copyright (C) Ded (Ilya Dedinsky, http://txlib.ru) <mail@txlib.ru>
See license on: http://txlib.ru

TXLib file:	..\SuperLibs\TXLib.h
Compiled:	Oct 25 2024 19:23:02, GNU g++ 13.2.0, std=201703L, MinGW-W64 Runtime 11.0.1 (alpha - rev. 0) 0000-00-00, 64-bit, Debug
Started:	Oct 25 2024 19:23:34

Run file:	D:\GitHub\Processor\proc.exe
Directory:	D:\GitHub\Processor

--------------------------------------------------

--------------------------------------------------
TXLib соболезнует...

Программа: D:\GitHub\Processor\proc.exe,

ВНЕЗАПНО: signal (11, 0x00): SIGSEGV: Доступ по неверному указателю. Ставьте ассерты! 

Нарушение доступа к памяти.

#1: Исключение EXCEPTION_ACCESS_VIOLATION (0xC0000005) при выполнении кода по адресу 0x00007FFC9DB9FAAD. Попытка записать данные по адресу 0x0000000000000038 в модуле C:\Windows\SYSTEM32\ntdll.dll. Спасибо _txVectoredExceptionHandler(), что сообщил. Люблю его <3

С помощью функции signal() вы можете сами обработать эту ошибку.

#2: TXLib [Ver: 00173a, Rev: 173, Date: 2024-06-23 22:37:05 +0400], Instance: 0x00007FF713517FF0 (64-bit), Flags: Cmdre0, Thread: 0x35B8 (Main). 

--------------------------------------------------
Стек вызовов:



--------------------------------------------------
Developed with:

The Dumb Artist Library (TX Library)
TXLib [Ver: 00173a, Rev: 173, Date: 2024-06-23 22:37:05 +0400]
Copyright (C) Ded (Ilya Dedinsky, http://txlib.ru) <mail@txlib.ru>
See license on: http://txlib.ru

TXLib file:	..\SuperLibs\TXLib.h
Compiled:	Oct 25 2024 19:23:02, GNU g++ 13.2.0, std=201703L, MinGW-W64 Runtime 11.0.1 (alpha - rev. 0) 0000-00-00, 64-bit, Debug
Started:	Oct 25 2024 19:23:34

Run file:	D:\GitHub\Processor\proc.exe
Directory:	D:\GitHub\Processor

--------------------------------------------------

--------------------------------------------------
TXLib предупреждает:

Программа: D:\GitHub\Processor\proc.exe,

ВНЕЗАПНО: Нарушение доступа к памяти.

#1: Исключение EXCEPTION_ACCESS_VIOLATION (0xC0000005) при выполнении кода по адресу 0x00007FFC9DB9FAAD. Попытка записать данные по адресу 0x0000000000000038 в модуле C:\Windows\SYSTEM32\ntdll.dll. Спасибо _txVectoredExceptionHandler(), что сообщил. Люблю его <3

#1: TXLib [Ver: 00173a, Rev: 173, Date: 2024-06-23 22:37:05 +0400], Instance: 0x00007FF6254DB730 (64-bit), Flags: Cmdre0, Thread: 0x2B98 (Main), GetLastError(): 126 (Не найден указанный модуль). 

--------------------------------------------------
Стек вызовов:



--------------------------------------------------
Developed with:

The Dumb Artist Library (TX Library)
TXLib [Ver: 00173a, Rev: 173, Date: 2024-06-23 22:37:05 +0400]
Copyright (C) Ded (Ilya Dedinsky, http://txlib.ru) <mail@txlib.ru>
See license on: http://txlib.ru

TXLib file:	D:/GitHub/SuperLibs/TXLib.h
Compiled:	Oct 25 2024 19:28:09, GNU g++ 13.2.0, std=201703L, MinGW-W64 Runtime 11.0.1 (alpha - rev. 0) 0000-00-00, 64-bit, Debug
Started:	Oct 25 2024 19:28:28

Run file:	D:\GitHub\Processor\proc.exe
Directory:	D:\GitHub\Processor

--------------------------------------------------

--------------------------------------------------
TXLib соболезнует...

Программа: D:\GitHub\Processor\proc.exe,

ВНЕЗАПНО: signal (11, 0x00): SIGSEGV: Доступ по неверному указателю. Ставьте ассерты! 

Нарушение доступа к памяти.

#1: Исключение EXCEPTION_ACCESS_VIOLATION (0xC0000005) при выполнении кода по адресу 0x00007FFC9DB9FAAD. Попытка записать данные по адресу 0x0000000000000038 в модуле C:\Windows\SYSTEM32\ntdll.dll. Спасибо _txVectoredExceptionHandler(), что сообщил. Люблю его <3

С помощью функции signal() вы можете сами обработать эту ошибку.

#2: TXLib [Ver: 00173a, Rev: 173, Date: 2024-06-23 22:37:05 +0400], Instance: 0x00007FF6254DB730 (64-bit), Flags: Cmdre0, Thread: 0x2B98 (Main), GetLastError(): 126 (Не найден указанный модуль). 

--------------------------------------------------
Стек вызовов:



--------------------------------------------------
Developed with:

The Dumb Artist Library (TX Library)
TXLib [Ver: 00173a, Rev: 173, Date: 2024-06-23 22:37:05 +0400]
Copyright (C) Ded (Ilya Dedinsky, http://txlib.ru) <mail@txlib.ru>
See license on: http://txlib.ru

TXLib file:	D:/GitHub/SuperLibs/TXLib.h
Compiled:	Oct 25 2024 19:28:09, GNU g++ 13.2.0, std=201703L, MinGW-W64 Runtime 11.0.1 (alpha - rev. 0) 0000-00-00, 64-bit, Debug
Started:	Oct 25 2024 19:28:28

Run file:	D:\GitHub\Processor\proc.exe
Directory:	D:\GitHub\Processor

--------------------------------------------------

--------------------------------------------------
TXLib предупреждает:

Программа: D:\GitHub\Processor\proc.exe,

ВНЕЗАПНО: Нарушение доступа к памяти.

#1: Исключение EXCEPTION_ACCESS_VIOLATION (0xC0000005) при выполнении кода по адресу 0x00007FFC9DB9FAAD. Попытка записать данные по адресу 0x0000000000000038 в модуле C:\Windows\SYSTEM32\ntdll.dll. Спасибо _txVectoredExceptionHandler(), что сообщил. Люблю его <3

#1: TXLib [Ver: 00173a, Rev: 173, Date: 2024-06-23 22:37:05 +0400], Instance: 0x00007FF600A8B730 (64-bit), Flags: Cmdre0, Thread: 0x2F0C (Main), GetLastError(): 126 (Не найден указанный модуль). 

--------------------------------------------------
Стек вызовов:



--------------------------------------------------
Developed with:

The Dumb Artist Library (TX Library)
TXLib [Ver: 00173a, Rev: 173, Date: 2024-06-23 22:37:05 +0400]
Copyright (C) Ded (Ilya Dedinsky, http://txlib.ru) <mail@txlib.ru>
See license on: http://txlib.ru

TXLib file:	D:/GitHub/SuperLibs/TXLib.h
Compiled:	Oct 25 2024 19:30:39, GNU g++ 13.2.0, std=201703L, MinGW-W64 Runtime 11.0.1 (alpha - rev. 0) 0000-00-00, 64-bit, Debug
Started:	Oct 25 2024 19:31:04

Run file:	D:\GitHub\Processor\proc.exe
Directory:	D:\GitHub\Processor

--------------------------------------------------

--------------------------------------------------
TXLib соболезнует...

Программа: D:\GitHub\Processor\proc.exe,

ВНЕЗАПНО: signal (11, 0x00): SIGSEGV: Доступ по неверному указателю. Ставьте ассерты! 

Нарушение доступа к памяти.

#1: Исключение EXCEPTION_ACCESS_VIOLATION (0xC0000005) при выполнении кода по адресу 0x00007FFC9DB9FAAD. Попытка записать данные по адресу 0x0000000000000038 в модуле C:\Windows\SYSTEM32\ntdll.dll. Спасибо _txVectoredExceptionHandler(), что сообщил. Люблю его <3

С помощью функции signal() вы можете сами обработать эту ошибку.

#2: TXLib [Ver: 00173a, Rev: 173, Date: 2024-06-23 22:37:05 +0400], Instance: 0x00007FF600A8B730 (64-bit), Flags: Cmdre0, Thread: 0x2F0C (Main), GetLastError(): 126 (Не найден указанный модуль). 

--------------------------------------------------
Стек вызовов:



--------------------------------------------------
Developed with:

The Dumb Artist Library (TX Library)
TXLib [Ver: 00173a, Rev: 173, Date: 2024-06-23 22:37:05 +0400]
Copyright (C) Ded (Ilya Dedinsky, http://txlib.ru) <mail@txlib.ru>
See license on: http://txlib.ru

TXLib file:	D:/GitHub/SuperLibs/TXLib.h
Compiled:	Oct 25 2024 19:30:39, GNU g++ 13.2.0, std=201703L, MinGW-W64 Runtime 11.0.1 (alpha - rev. 0) 0000-00-00, 64-bit, Debug
Started:	Oct 25 2024 19:31:04

Run file:	D:\GitHub\Processor\proc.exe
Directory:	D:\GitHub\Processor

--------------------------------------------------

--------------------------------------------------
TXLib сообщает:

Программа: D:\GitHub\Processor\proc.exe,

ВНЕЗАПНО: _matherr(): Математическая ошибка 1 (_DOMAIN): Нарушение области определения в функции sqrt (-4, [0]). Она вернет значение -1.#IND.

С помощью __setusermatherr() вы можете сами обработать эту ошибку.

#1: TXLib [Ver: 00173a, Rev: 173, Date: 2024-06-23 22:37:05 +0400], Instance: 0x00007FF6AB19B730 (64-bit), Flags: Cmdre0, Thread: 0x3524 (Main), errno: 33 (Domain error), _doserrno: 131 (Unknown error). 

--------------------------------------------------
Стек вызовов:



--------------------------------------------------
Developed with:

The Dumb Artist Library (TX Library)
TXLib [Ver: 00173a, Rev: 173, Date: 2024-06-23 22:37:05 +0400]
Copyright (C) Ded (Ilya Dedinsky, http://txlib.ru) <mail@txlib.ru>
See license on: http://txlib.ru

TXLib file:	D:/GitHub/SuperLibs/TXLib.h
Compiled:	Oct 25 2024 20:38:00, GNU g++ 13.2.0, std=201703L, MinGW-W64 Runtime 11.0.1 (alpha - rev. 0) 0000-00-00, 64-bit, Debug
Started:	Oct 25 2024 20:38:50

Run file:	D:\GitHub\Processor\proc.exe
Directory:	D:\GitHub\Processor

--------------------------------------------------

--------------------------------------------------
TXLib соболезнует...

Программа: D:\GitHub\Processor\proc.exe,

ВНЕЗАПНО: signal (22, 0x00): SIGABRT: Аварийное завершение программы, вызвана функция abort(). 

С помощью функции signal() вы можете сами обработать эту ошибку.

#1: TXLib [Ver: 00173a, Rev: 173, Date: 2024-06-23 22:37:05 +0400], Instance: 0x00007FF640337730 (64-bit), Flags: Cmdre0, Thread: 0x3810 (Main), errno: 22 (Invalid argument), _doserrno: 131 (Unknown error). 

--------------------------------------------------
Стек вызовов:



--------------------------------------------------
Developed with:

The Dumb Artist Library (TX Library)
TXLib [Ver: 00173a, Rev: 173, Date: 2024-06-23 22:37:05 +0400]
Copyright (C) Ded (Ilya Dedinsky, http://txlib.ru) <mail@txlib.ru>
See license on: http://txlib.ru

TXLib file:	D:/GitHub/SuperLibs/TXLib.h
Compiled:	Oct 25 2024 21:20:48, GNU g++ 13.2.0, std=201703L, MinGW-W64 Runtime 11.0.1 (alpha - rev. 0) 0000-00-00, 64-bit, Debug
Started:	Oct 25 2024 21:21:06

Run file:	D:\GitHub\Processor\proc.exe
Directory:	D:\GitHub\Processor

--------------------------------------------------

--------------------------------------------------
TXLib соболезнует...

Программа: D:\GitHub\Processor\proc.exe,

ВНЕЗАПНО: signal (22, 0x00): SIGABRT: Аварийное завершение программы, вызвана функция abort(). 

С помощью функции signal() вы можете сами обработать эту ошибку.

#1: TXLib [Ver: 00173a, Rev: 173, Date: 2024-06-23 22:37:05 +0400], Instance: 0x00007FF640337730 (64-bit), Flags: Cmdre0, Thread: 0x3BCC (Main), errno: 22 (Invalid argument), _doserrno: 131 (Unknown error). 

--------------------------------------------------
Стек вызовов:



--------------------------------------------------
Developed with:

The Dumb Artist Library (TX Library)
TXLib [Ver: 00173a, Rev: 173, Date: 2024-06-23 22:37:05 +0400]
Copyright (C) Ded (Ilya Dedinsky, http://txlib.ru) <mail@txlib.ru>
See license on: http://txlib.ru

TXLib file:	D:/GitHub/SuperLibs/TXLib.h
Compiled:	Oct 25 2024 21:20:48, GNU g++ 13.2.0, std=201703L, MinGW-W64 Runtime 11.0.1 (alpha - rev. 0) 0000-00-00, 64-bit, Debug
Started:	Oct 25 2024 21:23:51

Run file:	D:\GitHub\Processor\proc.exe
Directory:	D:\GitHub\Processor

--------------------------------------------------

--------------------------------------------------
TXLib соболезнует...

Программа: D:\GitHub\Processor\proc.exe,

ВНЕЗАПНО: signal (22, 0x00): SIGABRT: Аварийное завершение программы, вызвана функция abort(). 

С помощью функции signal() вы можете сами обработать эту ошибку.

#1: TXLib [Ver: 00173a, Rev: 173, Date: 2024-06-23 22:37:05 +0400], Instance: 0x00007FF640337730 (64-bit), Flags: Cmdre0, Thread: 0x36AC (Main), errno: 22 (Invalid argument), _doserrno: 131 (Unknown error). 

--------------------------------------------------
Стек вызовов:



--------------------------------------------------
Developed with:

The Dumb Artist Library (TX Library)
TXLib [Ver: 00173a, Rev: 173, Date: 2024-06-23 22:37:05 +0400]
Copyright (C) Ded (Ilya Dedinsky, http://txlib.ru) <mail@txlib.ru>
See license on: http://txlib.ru

TXLib file:	D:/GitHub/SuperLibs/TXLib.h
Compiled:	Oct 25 2024 21:20:48, GNU g++ 13.2.0, std=201703L, MinGW-W64 Runtime 11.0.1 (alpha - rev. 0) 0000-00-00, 64-bit, Debug
Started:	Oct 25 2024 21:25:19

Run file:	D:\GitHub\Processor\proc.exe
Directory:	D:\GitHub\Processor

--------------------------------------------------

--------------------------------------------------
TXLib соболезнует...

Программа: D:\GitHub\Processor\proc.exe,

ВНЕЗАПНО: signal (22, 0x00): SIGABRT: Аварийное завершение программы, вызвана функция abort(). 

С помощью функции signal() вы можете сами обработать эту ошибку.

#1: TXLib [Ver: 00173a, Rev: 173, Date: 2024-06-23 22:37:05 +0400], Instance: 0x00007FF6813B7730 (64-bit), Flags: Cmdre0, Thread: 0x35AC (Main), errno: 22 (Invalid argument), _doserrno: 131 (Unknown error). 

--------------------------------------------------
Стек вызовов:



--------------------------------------------------
Developed with:

The Dumb Artist Library (TX Library)
TXLib [Ver: 00173a, Rev: 173, Date: 2024-06-23 22:37:05 +0400]
Copyright (C) Ded (Ilya Dedinsky, http://txlib.ru) <mail@txlib.ru>
See license on: http://txlib.ru

TXLib file:	D:/GitHub/SuperLibs/TXLib.h
Compiled:	Oct 25 2024 21:32:42, GNU g++ 13.2.0, std=201703L, MinGW-W64 Runtime 11.0.1 (alpha - rev. 0) 0000-00-00, 64-bit, Debug
Started:	Oct 25 2024 21:32:53

Run file:	D:\GitHub\Processor\proc.exe
Directory:	D:\GitHub\Processor

--------------------------------------------------

--------------------------------------------------
TXLib соболезнует...

Программа: D:\GitHub\Processor\proc.exe,

ВНЕЗАПНО: signal (22, 0x00): SIGABRT: Аварийное завершение программы, вызвана функция abort(). 

С помощью функции signal() вы можете сами обработать эту ошибку.

#1: TXLib [Ver: 00173a, Rev: 173, Date: 2024-06-23 22:37:05 +0400], Instance: 0x00007FF79A3F7730 (64-bit), Flags: Cmdre0, Thread: 0xE2C (Main), errno: 22 (Invalid argument), _doserrno: 131 (Unknown error). 

--------------------------------------------------
Стек вызовов:



--------------------------------------------------
Developed with:

The Dumb Artist Library (TX Library)
TXLib [Ver: 00173a, Rev: 173, Date: 2024-06-23 22:37:05 +0400]
Copyright (C) Ded (Ilya Dedinsky, http://txlib.ru) <mail@txlib.ru>
See license on: http://txlib.ru

TXLib file:	D:/GitHub/SuperLibs/TXLib.h
Compiled:	Oct 26 2024 21:17:01, GNU g++ 13.2.0, std=201703L, MinGW-W64 Runtime 11.0.1 (alpha - rev. 0) 0000-00-00, 64-bit, Debug
Started:	Oct 26 2024 21:17:29

Run file:	D:\GitHub\Processor\proc.exe
Directory:	D:\GitHub\Processor

--------------------------------------------------

--------------------------------------------------
TXLib соболезнует...

Программа: D:\GitHub\Processor\proc.exe,

ВНЕЗАПНО: signal (22, 0x00): SIGABRT: Аварийное завершение программы, вызвана функция abort(). 

С помощью функции signal() вы можете сами обработать эту ошибку.

#1: TXLib [Ver: 00173a, Rev: 173, Date: 2024-06-23 22:37:05 +0400], Instance: 0x00007FF79A3F7730 (64-bit), Flags: Cmdre0, Thread: 0x3E94 (Main), errno: 22 (Invalid argument), _doserrno: 131 (Unknown error). 

--------------------------------------------------
Стек вызовов:



--------------------------------------------------
Developed with:

The Dumb Artist Library (TX Library)
TXLib [Ver: 00173a, Rev: 173, Date: 2024-06-23 22:37:05 +0400]
Copyright (C) Ded (Ilya Dedinsky, http://txlib.ru) <mail@txlib.ru>
See license on: http://txlib.ru

TXLib file:	D:/GitHub/SuperLibs/TXLib.h
Compiled:	Oct 26 2024 21:17:01, GNU g++ 13.2.0, std=201703L, MinGW-W64 Runtime 11.0.1 (alpha - rev. 0) 0000-00-00, 64-bit, Debug
Started:	Oct 26 2024 21:18:04

Run file:	D:\GitHub\Processor\proc.exe
Directory:	D:\GitHub\Processor

--------------------------------------------------

--------------------------------------------------
TXLib соболезнует...

Программа: D:\GitHub\Processor\proc.exe,

ВНЕЗАПНО: signal (22, 0x00): SIGABRT: Аварийное завершение программы, вызвана функция abort(). 

С помощью функции signal() вы можете сами обработать эту ошибку.

#1: TXLib [Ver: 00173a, Rev: 173, Date: 2024-06-23 22:37:05 +0400], Instance: 0x00007FF635387E50 (64-bit), Flags: Cmdre0, Thread: 0x13C8 (Main), errno: 22 (Invalid argument), _doserrno: 131 (Unknown error). 

--------------------------------------------------
Стек вызовов:



--------------------------------------------------
Developed with:

The Dumb Artist Library (TX Library)
TXLib [Ver: 00173a, Rev: 173, Date: 2024-06-23 22:37:05 +0400]
Copyright (C) Ded (Ilya Dedinsky, http://txlib.ru) <mail@txlib.ru>
See license on: http://txlib.ru

TXLib file:	..\SuperLibs\TXLib.h
Compiled:	Oct 30 2024 22:51:27, GNU g++ 13.2.0, std=201703L, MinGW-W64 Runtime 11.0.1 (alpha - rev. 0) 0000-00-00, 64-bit, Debug
Started:	Oct 30 2024 22:51:40

Run file:	D:\GitHub\Processor\proc.exe
Directory:	D:\GitHub\Processor

--------------------------------------------------

--------------------------------------------------
TXLib соболезнует...

Программа: D:\GitHub\Processor\proc.exe,

ВНЕЗАПНО: signal (22, 0x00): SIGABRT: Аварийное завершение программы, вызвана функция abort(). 

С помощью функции signal() вы можете сами обработать эту ошибку.

#1: TXLib [Ver: 00173a, Rev: 173, Date: 2024-06-23 22:37:05 +0400], Instance: 0x00007FF6226B7E50 (64-bit), Flags: Cmdre0, Thread: 0x5EC (Main), errno: 22 (Invalid argument), _doserrno: 131 (Unknown error). 

--------------------------------------------------
Стек вызовов:



--------------------------------------------------
Developed with:

The Dumb Artist Library (TX Library)
TXLib [Ver: 00173a, Rev: 173, Date: 2024-06-23 22:37:05 +0400]
Copyright (C) Ded (Ilya Dedinsky, http://txlib.ru) <mail@txlib.ru>
See license on: http://txlib.ru

TXLib file:	..\SuperLibs\TXLib.h
Compiled:	Oct 30 2024 22:53:24, GNU g++ 13.2.0, std=201703L, MinGW-W64 Runtime 11.0.1 (alpha - rev. 0) 0000-00-00, 64-bit, Debug
Started:	Oct 30 2024 22:53:36

Run file:	D:\GitHub\Processor\proc.exe
Directory:	D:\GitHub\Processor

--------------------------------------------------

--------------------------------------------------
TXLib соболезнует...

Программа: D:\GitHub\Processor\proc.exe,

ВНЕЗАПНО: signal (22, 0x00): SIGABRT: Аварийное завершение программы, вызвана функция abort(). 

С помощью функции signal() вы можете сами обработать эту ошибку.

#1: TXLib [Ver: 00173a, Rev: 173, Date: 2024-06-23 22:37:05 +0400], Instance: 0x00007FF6AE657E50 (64-bit), Flags: Cmdre0, Thread: 0x1D4C (Main), errno: 22 (Invalid argument), _doserrno: 131 (Unknown error). 

--------------------------------------------------
Стек вызовов:



--------------------------------------------------
Developed with:

The Dumb Artist Library (TX Library)
TXLib [Ver: 00173a, Rev: 173, Date: 2024-06-23 22:37:05 +0400]
Copyright (C) Ded (Ilya Dedinsky, http://txlib.ru) <mail@txlib.ru>
See license on: http://txlib.ru

TXLib file:	..\SuperLibs\TXLib.h
Compiled:	Oct 30 2024 23:01:52, GNU g++ 13.2.0, std=201703L, MinGW-W64 Runtime 11.0.1 (alpha - rev. 0) 0000-00-00, 64-bit, Debug
Started:	Oct 30 2024 23:02:00

Run file:	D:\GitHub\Processor\proc.exe
Directory:	D:\GitHub\Processor

--------------------------------------------------

--------------------------------------------------
TXLib соболезнует...

Программа: D:\GitHub\Processor\proc.exe,

ВНЕЗАПНО: signal (22, 0x00): SIGABRT: Аварийное завершение программы, вызвана функция abort(). 

С помощью функции signal() вы можете сами обработать эту ошибку.

#1: TXLib [Ver: 00173a, Rev: 173, Date: 2024-06-23 22:37:05 +0400], Instance: 0x00007FF665287E50 (64-bit), Flags: Cmdre0, Thread: 0x2858 (Main), errno: 22 (Invalid argument), _doserrno: 131 (Unknown error). 

--------------------------------------------------
Стек вызовов:



--------------------------------------------------
Developed with:

The Dumb Artist Library (TX Library)
TXLib [Ver: 00173a, Rev: 173, Date: 2024-06-23 22:37:05 +0400]
Copyright (C) Ded (Ilya Dedinsky, http://txlib.ru) <mail@txlib.ru>
See license on: http://txlib.ru

TXLib file:	..\SuperLibs\TXLib.h
Compiled:	Oct 30 2024 23:03:18, GNU g++ 13.2.0, std=201703L, MinGW-W64 Runtime 11.0.1 (alpha - rev. 0) 0000-00-00, 64-bit, Debug
Started:	Oct 30 2024 23:03:24

Run file:	D:\GitHub\Processor\proc.exe
Directory:	D:\GitHub\Processor

--------------------------------------------------

--------------------------------------------------
TXLib соболезнует...

Программа: D:\GitHub\Processor\proc.exe,

ВНЕЗАПНО: signal (22, 0x00): SIGABRT: Аварийное завершение программы, вызвана функция abort(). 

С помощью функции signal() вы можете сами обработать эту ошибку.

#1: TXLib [Ver: 00173a, Rev: 173, Date: 2024-06-23 22:37:05 +0400], Instance: 0x00007FF7CA417E50 (64-bit), Flags: Cmdre0, Thread: 0x864 (Main), errno: 22 (Invalid argument), _doserrno: 131 (Unknown error). 

--------------------------------------------------
Стек вызовов:



--------------------------------------------------
Developed with:

The Dumb Artist Library (TX Library)
TXLib [Ver: 00173a, Rev: 173, Date: 2024-06-23 22:37:05 +0400]
Copyright (C) Ded (Ilya Dedinsky, http://txlib.ru) <mail@txlib.ru>
See license on: http://txlib.ru

TXLib file:	..\SuperLibs\TXLib.h
Compiled:	Oct 30 2024 23:04:29, GNU g++ 13.2.0, std=201703L, MinGW-W64 Runtime 11.0.1 (alpha - rev. 0) 0000-00-00, 64-bit, Debug
Started:	Oct 30 2024 23:04:39

Run file:	D:\GitHub\Processor\proc.exe
Directory:	D:\GitHub\Processor

--------------------------------------------------

--------------------------------------------------
TXLib соболезнует...

Программа: D:\GitHub\Processor\proc.exe,

ВНЕЗАПНО: signal (22, 0x00): SIGABRT: Аварийное завершение программы, вызвана функция abort(). 

С помощью функции signal() вы можете сами обработать эту ошибку.

#1: TXLib [Ver: 00173a, Rev: 173, Date: 2024-06-23 22:37:05 +0400], Instance: 0x00007FF7CA417E50 (64-bit), Flags: Cmdre0, Thread: 0x3900 (Main), errno: 22 (Invalid argument), _doserrno: 131 (Unknown error). 

--------------------------------------------------
Стек вызовов:



--------------------------------------------------
Developed with:

The Dumb Artist Library (TX Library)
TXLib [Ver: 00173a, Rev: 173, Date: 2024-06-23 22:37:05 +0400]
Copyright (C) Ded (Ilya Dedinsky, http://txlib.ru) <mail@txlib.ru>
See license on: http://txlib.ru

TXLib file:	..\SuperLibs\TXLib.h
Compiled:	Oct 30 2024 23:04:29, GNU g++ 13.2.0, std=201703L, MinGW-W64 Runtime 11.0.1 (alpha - rev. 0) 0000-00-00, 64-bit, Debug
Started:	Oct 30 2024 23:04:56

Run file:	D:\GitHub\Processor\proc.exe
Directory:	D:\GitHub\Processor

--------------------------------------------------

--------------------------------------------------
TXLib соболезнует...

Программа: D:\GitHub\Processor\proc.exe,

ВНЕЗАПНО: signal (22, 0x00): SIGABRT: Аварийное завершение программы, вызвана функция abort(). 

С помощью функции signal() вы можете сами обработать эту ошибку.

#1: TXLib [Ver: 00173a, Rev: 173, Date: 2024-06-23 22:37:05 +0400], Instance: 0x00007FF75F9F7E50 (64-bit), Flags: Cmdre0, Thread: 0x1094 (Main), errno: 22 (Invalid argument), _doserrno: 131 (Unknown error). 

--------------------------------------------------
Стек вызовов:



--------------------------------------------------
Developed with:

The Dumb Artist Library (TX Library)
TXLib [Ver: 00173a, Rev: 173, Date: 2024-06-23 22:37:05 +0400]
Copyright (C) Ded (Ilya Dedinsky, http://txlib.ru) <mail@txlib.ru>
See license on: http://txlib.ru

TXLib file:	..\SuperLibs\TXLib.h
Compiled:	Oct 30 2024 23:06:30, GNU g++ 13.2.0, std=201703L, MinGW-W64 Runtime 11.0.1 (alpha - rev. 0) 0000-00-00, 64-bit, Debug
Started:	Oct 30 2024 23:06:42

Run file:	D:\GitHub\Processor\proc.exe
Directory:	D:\GitHub\Processor

--------------------------------------------------

--------------------------------------------------
TXLib соболезнует...

Программа: D:\GitHub\Processor\proc.exe,

ВНЕЗАПНО: signal (22, 0x00): SIGABRT: Аварийное завершение программы, вызвана функция abort(). 

С помощью функции signal() вы можете сами обработать эту ошибку.

#1: TXLib [Ver: 00173a, Rev: 173, Date: 2024-06-23 22:37:05 +0400], Instance: 0x00007FF75F9F7E50 (64-bit), Flags: Cmdre0, Thread: 0x11B4 (Main), errno: 22 (Invalid argument), _doserrno: 131 (Unknown error). 

--------------------------------------------------
Стек вызовов:



--------------------------------------------------
Developed with:

The Dumb Artist Library (TX Library)
TXLib [Ver: 00173a, Rev: 173, Date: 2024-06-23 22:37:05 +0400]
Copyright (C) Ded (Ilya Dedinsky, http://txlib.ru) <mail@txlib.ru>
See license on: http://txlib.ru

TXLib file:	..\SuperLibs\TXLib.h
Compiled:	Oct 30 2024 23:06:30, GNU g++ 13.2.0, std=201703L, MinGW-W64 Runtime 11.0.1 (alpha - rev. 0) 0000-00-00, 64-bit, Debug
Started:	Oct 30 2024 23:25:21

Run file:	D:\GitHub\Processor\proc.exe
Directory:	D:\GitHub\Processor

--------------------------------------------------

--------------------------------------------------
TXLib соболезнует...

Программа: D:\GitHub\Processor\proc.exe,

ВНЕЗАПНО: signal (22, 0x00): SIGABRT: Аварийное завершение программы, вызвана функция abort(). 

С помощью функции signal() вы можете сами обработать эту ошибку.

#1: TXLib [Ver: 00173a, Rev: 173, Date: 2024-06-23 22:37:05 +0400], Instance: 0x00007FF6EC837E50 (64-bit), Flags: Cmdre0, Thread: 0xEFC (Main), errno: 22 (Invalid argument), _doserrno: 131 (Unknown error). 

--------------------------------------------------
Стек вызовов:



--------------------------------------------------
Developed with:

The Dumb Artist Library (TX Library)
TXLib [Ver: 00173a, Rev: 173, Date: 2024-06-23 22:37:05 +0400]
Copyright (C) Ded (Ilya Dedinsky, http://txlib.ru) <mail@txlib.ru>
See license on: http://txlib.ru

TXLib file:	..\SuperLibs\TXLib.h
Compiled:	Oct 30 2024 23:25:39, GNU g++ 13.2.0, std=201703L, MinGW-W64 Runtime 11.0.1 (alpha - rev. 0) 0000-00-00, 64-bit, Debug
Started:	Oct 30 2024 23:25:45

Run file:	D:\GitHub\Processor\proc.exe
Directory:	D:\GitHub\Processor

--------------------------------------------------

--------------------------------------------------
TXLib соболезнует...

Программа: D:\GitHub\Processor\proc.exe,

ВНЕЗАПНО: signal (22, 0x00): SIGABRT: Аварийное завершение программы, вызвана функция abort(). 

С помощью функции signal() вы можете сами обработать эту ошибку.

#1: TXLib [Ver: 00173a, Rev: 173, Date: 2024-06-23 22:37:05 +0400], Instance: 0x00007FF6EC837E50 (64-bit), Flags: Cmdre0, Thread: 0x31F4 (Main), errno: 22 (Invalid argument), _doserrno: 131 (Unknown error). 

--------------------------------------------------
Стек вызовов:



--------------------------------------------------
Developed with:

The Dumb Artist Library (TX Library)
TXLib [Ver: 00173a, Rev: 173, Date: 2024-06-23 22:37:05 +0400]
Copyright (C) Ded (Ilya Dedinsky, http://txlib.ru) <mail@txlib.ru>
See license on: http://txlib.ru

TXLib file:	..\SuperLibs\TXLib.h
Compiled:	Oct 30 2024 23:25:39, GNU g++ 13.2.0, std=201703L, MinGW-W64 Runtime 11.0.1 (alpha - rev. 0) 0000-00-00, 64-bit, Debug
Started:	Oct 30 2024 23:27:49

Run file:	D:\GitHub\Processor\proc.exe
Directory:	D:\GitHub\Processor

--------------------------------------------------

--------------------------------------------------
TXLib соболезнует...

Программа: D:\GitHub\Processor\proc.exe,

ВНЕЗАПНО: signal (22, 0x00): SIGABRT: Аварийное завершение программы, вызвана функция abort(). 

С помощью функции signal() вы можете сами обработать эту ошибку.

#1: TXLib [Ver: 00173a, Rev: 173, Date: 2024-06-23 22:37:05 +0400], Instance: 0x00007FF6EC837E50 (64-bit), Flags: Cmdre0, Thread: 0x17E4 (Main), errno: 22 (Invalid argument), _doserrno: 131 (Unknown error). 

--------------------------------------------------
Стек вызовов:



--------------------------------------------------
Developed with:

The Dumb Artist Library (TX Library)
TXLib [Ver: 00173a, Rev: 173, Date: 2024-06-23 22:37:05 +0400]
Copyright (C) Ded (Ilya Dedinsky, http://txlib.ru) <mail@txlib.ru>
See license on: http://txlib.ru

TXLib file:	..\SuperLibs\TXLib.h
Compiled:	Oct 30 2024 23:25:39, GNU g++ 13.2.0, std=201703L, MinGW-W64 Runtime 11.0.1 (alpha - rev. 0) 0000-00-00, 64-bit, Debug
Started:	Oct 30 2024 23:27:53

Run file:	D:\GitHub\Processor\proc.exe
Directory:	D:\GitHub\Processor

--------------------------------------------------

--------------------------------------------------
TXLib соболезнует...

Программа: D:\GitHub\Processor\proc.exe,

ВНЕЗАПНО: signal (22, 0x00): SIGABRT: Аварийное завершение программы, вызвана функция abort(). 

С помощью функции signal() вы можете сами обработать эту ошибку.

#1: TXLib [Ver: 00173a, Rev: 173, Date: 2024-06-23 22:37:05 +0400], Instance: 0x00007FF6EC837E50 (64-bit), Flags: Cmdre0, Thread: 0x1B0C (Main), errno: 22 (Invalid argument), _doserrno: 131 (Unknown error). 

--------------------------------------------------
Стек вызовов:



--------------------------------------------------
Developed with:

The Dumb Artist Library (TX Library)
TXLib [Ver: 00173a, Rev: 173, Date: 2024-06-23 22:37:05 +0400]
Copyright (C) Ded (Ilya Dedinsky, http://txlib.ru) <mail@txlib.ru>
See license on: http://txlib.ru

TXLib file:	..\SuperLibs\TXLib.h
Compiled:	Oct 30 2024 23:25:39, GNU g++ 13.2.0, std=201703L, MinGW-W64 Runtime 11.0.1 (alpha - rev. 0) 0000-00-00, 64-bit, Debug
Started:	Oct 30 2024 23:27:55

Run file:	D:\GitHub\Processor\proc.exe
Directory:	D:\GitHub\Processor

--------------------------------------------------

--------------------------------------------------
TXLib соболезнует...

Программа: D:\GitHub\Processor\proc.exe,

ВНЕЗАПНО: signal (22, 0x00): SIGABRT: Аварийное завершение программы, вызвана функция abort(). 

С помощью функции signal() вы можете сами обработать эту ошибку.

#1: TXLib [Ver: 00173a, Rev: 173, Date: 2024-06-23 22:37:05 +0400], Instance: 0x00007FF6B32F7E50 (64-bit), Flags: Cmdre0, Thread: 0x355C (Main), errno: 22 (Invalid argument), _doserrno: 131 (Unknown error). 

--------------------------------------------------
Стек вызовов:



--------------------------------------------------
Developed with:

The Dumb Artist Library (TX Library)
TXLib [Ver: 00173a, Rev: 173, Date: 2024-06-23 22:37:05 +0400]
Copyright (C) Ded (Ilya Dedinsky, http://txlib.ru) <mail@txlib.ru>
See license on: http://txlib.ru

TXLib file:	..\SuperLibs\TXLib.h
Compiled:	Oct 30 2024 23:53:51, GNU g++ 13.2.0, std=201703L, MinGW-W64 Runtime 11.0.1 (alpha - rev. 0) 0000-00-00, 64-bit, Debug
Started:	Oct 30 2024 23:54:01

Run file:	D:\GitHub\Processor\proc.exe
Directory:	D:\GitHub\Processor

--------------------------------------------------

--------------------------------------------------
TXLib предупреждает:

Программа: D:\GitHub\Processor\proc.exe,

ВНЕЗАПНО: Нарушение доступа к памяти.

#1: Исключение EXCEPTION_ACCESS_VIOLATION (0xC0000005) при выполнении кода по адресу 0x00007FFCF19BD2F1. Попытка прочесть данные по адресу 0xFFFFFFFFFFFFFFFF в модуле C:\Windows\System32\msvcrt.dll. Спасибо _txVectoredExceptionHandler(), что сообщил. Люблю его <3

#1: TXLib [Ver: 00173a, Rev: 173, Date: 2024-06-23 22:37:05 +0400], Instance: 0x00007FF63FDC7E50 (64-bit), Flags: Cmdre0, Thread: 0x2368 (Main), errno: 22 (Invalid argument), _doserrno: 131 (Unknown error). 

--------------------------------------------------
Стек вызовов:



--------------------------------------------------
Developed with:

The Dumb Artist Library (TX Library)
TXLib [Ver: 00173a, Rev: 173, Date: 2024-06-23 22:37:05 +0400]
Copyright (C) Ded (Ilya Dedinsky, http://txlib.ru) <mail@txlib.ru>
See license on: http://txlib.ru

TXLib file:	..\SuperLibs\TXLib.h
Compiled:	Oct 31 2024 00:37:55, GNU g++ 13.2.0, std=201703L, MinGW-W64 Runtime 11.0.1 (alpha - rev. 0) 0000-00-00, 64-bit, Debug
Started:	Oct 31 2024 00:38:15

Run file:	D:\GitHub\Processor\proc.exe
Directory:	D:\GitHub\Processor

--------------------------------------------------

--------------------------------------------------
TXLib соболезнует...

Программа: D:\GitHub\Processor\proc.exe,

ВНЕЗАПНО: signal (11, 0x00): SIGSEGV: Доступ по неверному указателю. Ставьте ассерты! 

Нарушение доступа к памяти.

#1: Исключение EXCEPTION_ACCESS_VIOLATION (0xC0000005) при выполнении кода по адресу 0x00007FFCF19BD2F1. Попытка прочесть данные по адресу 0xFFFFFFFFFFFFFFFF в модуле C:\Windows\System32\msvcrt.dll. Спасибо _txVectoredExceptionHandler(), что сообщил. Люблю его <3

С помощью функции signal() вы можете сами обработать эту ошибку.

#2: TXLib [Ver: 00173a, Rev: 173, Date: 2024-06-23 22:37:05 +0400], Instance: 0x00007FF63FDC7E50 (64-bit), Flags: Cmdre0, Thread: 0x2368 (Main), errno: 22 (Invalid argument), _doserrno: 131 (Unknown error). 

--------------------------------------------------
Стек вызовов:



--------------------------------------------------
Developed with:

The Dumb Artist Library (TX Library)
TXLib [Ver: 00173a, Rev: 173, Date: 2024-06-23 22:37:05 +0400]
Copyright (C) Ded (Ilya Dedinsky, http://txlib.ru) <mail@txlib.ru>
See license on: http://txlib.ru

TXLib file:	..\SuperLibs\TXLib.h
Compiled:	Oct 31 2024 00:37:55, GNU g++ 13.2.0, std=201703L, MinGW-W64 Runtime 11.0.1 (alpha - rev. 0) 0000-00-00, 64-bit, Debug
Started:	Oct 31 2024 00:38:15

Run file:	D:\GitHub\Processor\proc.exe
Directory:	D:\GitHub\Processor

--------------------------------------------------

--------------------------------------------------
TXLib предупреждает:

Программа: D:\GitHub\Processor\proc.exe,

ВНЕЗАПНО: Нарушение доступа к памяти.

#1: Исключение EXCEPTION_ACCESS_VIOLATION (0xC0000005) при выполнении кода по адресу 0x00007FFCF19BD2F1. Попытка прочесть данные по адресу 0xFFFFFFFFFFFFFFFF в модуле C:\Windows\System32\msvcrt.dll. Спасибо _txVectoredExceptionHandler(), что сообщил. Люблю его <3

#1: TXLib [Ver: 00173a, Rev: 173, Date: 2024-06-23 22:37:05 +0400], Instance: 0x00007FF63FDC7E50 (64-bit), Flags: Cmdre0, Thread: 0x1488 (Main), errno: 22 (Invalid argument), _doserrno: 131 (Unknown error). 

--------------------------------------------------
Стек вызовов:



--------------------------------------------------
Developed with:

The Dumb Artist Library (TX Library)
TXLib [Ver: 00173a, Rev: 173, Date: 2024-06-23 22:37:05 +0400]
Copyright (C) Ded (Ilya Dedinsky, http://txlib.ru) <mail@txlib.ru>
See license on: http://txlib.ru

TXLib file:	..\SuperLibs\TXLib.h
Compiled:	Oct 31 2024 00:37:55, GNU g++ 13.2.0, std=201703L, MinGW-W64 Runtime 11.0.1 (alpha - rev. 0) 0000-00-00, 64-bit, Debug
Started:	Oct 31 2024 00:41:00

Run file:	D:\GitHub\Processor\proc.exe
Directory:	D:\GitHub\Processor

--------------------------------------------------

--------------------------------------------------
TXLib соболезнует...

Программа: D:\GitHub\Processor\proc.exe,

ВНЕЗАПНО: signal (11, 0x00): SIGSEGV: Доступ по неверному указателю. Ставьте ассерты! 

Нарушение доступа к памяти.

#1: Исключение EXCEPTION_ACCESS_VIOLATION (0xC0000005) при выполнении кода по адресу 0x00007FFCF19BD2F1. Попытка прочесть данные по адресу 0xFFFFFFFFFFFFFFFF в модуле C:\Windows\System32\msvcrt.dll. Спасибо _txVectoredExceptionHandler(), что сообщил. Люблю его <3

С помощью функции signal() вы можете сами обработать эту ошибку.

#2: TXLib [Ver: 00173a, Rev: 173, Date: 2024-06-23 22:37:05 +0400], Instance: 0x00007FF63FDC7E50 (64-bit), Flags: Cmdre0, Thread: 0x1488 (Main), errno: 22 (Invalid argument), _doserrno: 131 (Unknown error). 

--------------------------------------------------
Стек вызовов:



--------------------------------------------------
Developed with:

The Dumb Artist Library (TX Library)
TXLib [Ver: 00173a, Rev: 173, Date: 2024-06-23 22:37:05 +0400]
Copyright (C) Ded (Ilya Dedinsky, http://txlib.ru) <mail@txlib.ru>
See license on: http://txlib.ru

TXLib file:	..\SuperLibs\TXLib.h
Compiled:	Oct 31 2024 00:37:55, GNU g++ 13.2.0, std=201703L, MinGW-W64 Runtime 11.0.1 (alpha - rev. 0) 0000-00-00, 64-bit, Debug
Started:	Oct 31 2024 00:41:00

Run file:	D:\GitHub\Processor\proc.exe
Directory:	D:\GitHub\Processor

--------------------------------------------------

--------------------------------------------------
TXLib предупреждает:

Программа: D:\GitHub\Processor\proc.exe,

ВНЕЗАПНО: Нарушение доступа к памяти.

#1: Исключение EXCEPTION_ACCESS_VIOLATION (0xC0000005) при выполнении кода по адресу 0x00007FFCF19BD2F1. Попытка прочесть данные по адресу 0xFFFFFFFFFFFFFFFF в модуле C:\Windows\System32\msvcrt.dll. Спасибо _txVectoredExceptionHandler(), что сообщил. Люблю его <3

#1: TXLib [Ver: 00173a, Rev: 173, Date: 2024-06-23 22:37:05 +0400], Instance: 0x00007FF6B7FC7E50 (64-bit), Flags: Cmdre0, Thread: 0x230C (Main), errno: 22 (Invalid argument), _doserrno: 131 (Unknown error). 

--------------------------------------------------
Стек вызовов:



--------------------------------------------------
Developed with:

The Dumb Artist Library (TX Library)
TXLib [Ver: 00173a, Rev: 173, Date: 2024-06-23 22:37:05 +0400]
Copyright (C) Ded (Ilya Dedinsky, http://txlib.ru) <mail@txlib.ru>
See license on: http://txlib.ru

TXLib file:	..\SuperLibs\TXLib.h
Compiled:	Oct 31 2024 00:42:48, GNU g++ 13.2.0, std=201703L, MinGW-W64 Runtime 11.0.1 (alpha - rev. 0) 0000-00-00, 64-bit, Debug
Started:	Oct 31 2024 00:43:04

Run file:	D:\GitHub\Processor\proc.exe
Directory:	D:\GitHub\Processor

--------------------------------------------------

--------------------------------------------------
TXLib соболезнует...

Программа: D:\GitHub\Processor\proc.exe,

ВНЕЗАПНО: signal (11, 0x00): SIGSEGV: Доступ по неверному указателю. Ставьте ассерты! 

Нарушение доступа к памяти.

#1: Исключение EXCEPTION_ACCESS_VIOLATION (0xC0000005) при выполнении кода по адресу 0x00007FFCF19BD2F1. Попытка прочесть данные по адресу 0xFFFFFFFFFFFFFFFF в модуле C:\Windows\System32\msvcrt.dll. Спасибо _txVectoredExceptionHandler(), что сообщил. Люблю его <3

С помощью функции signal() вы можете сами обработать эту ошибку.

#2: TXLib [Ver: 00173a, Rev: 173, Date: 2024-06-23 22:37:05 +0400], Instance: 0x00007FF6B7FC7E50 (64-bit), Flags: Cmdre0, Thread: 0x230C (Main), errno: 22 (Invalid argument), _doserrno: 131 (Unknown error). 

--------------------------------------------------
Стек вызовов:



--------------------------------------------------
Developed with:

The Dumb Artist Library (TX Library)
TXLib [Ver: 00173a, Rev: 173, Date: 2024-06-23 22:37:05 +0400]
Copyright (C) Ded (Ilya Dedinsky, http://txlib.ru) <mail@txlib.ru>
See license on: http://txlib.ru

TXLib file:	..\SuperLibs\TXLib.h
Compiled:	Oct 31 2024 00:42:48, GNU g++ 13.2.0, std=201703L, MinGW-W64 Runtime 11.0.1 (alpha - rev. 0) 0000-00-00, 64-bit, Debug
Started:	Oct 31 2024 00:43:04

Run file:	D:\GitHub\Processor\proc.exe
Directory:	D:\GitHub\Processor

--------------------------------------------------

--------------------------------------------------
TXLib соболезнует...

Программа: D:\GitHub\Processor\proc.exe,

ВНЕЗАПНО: signal (22, 0x00): SIGABRT: Аварийное завершение программы, вызвана функция abort(). 

С помощью функции signal() вы можете сами обработать эту ошибку.

#1: TXLib [Ver: 00173a, Rev: 173, Date: 2024-06-23 22:37:05 +0400], Instance: 0x00007FF6B7FC7E50 (64-bit), Flags: Cmdre0, Thread: 0x2538 (Main), GetLastError(): 2 (Не удается найти указанный файл), errno: 22 (Invalid argument), _doserrno: 2 (No such file or directory). 

--------------------------------------------------
Стек вызовов:



--------------------------------------------------
Developed with:

The Dumb Artist Library (TX Library)
TXLib [Ver: 00173a, Rev: 173, Date: 2024-06-23 22:37:05 +0400]
Copyright (C) Ded (Ilya Dedinsky, http://txlib.ru) <mail@txlib.ru>
See license on: http://txlib.ru

TXLib file:	..\SuperLibs\TXLib.h
Compiled:	Oct 31 2024 00:42:48, GNU g++ 13.2.0, std=201703L, MinGW-W64 Runtime 11.0.1 (alpha - rev. 0) 0000-00-00, 64-bit, Debug
Started:	Oct 31 2024 00:50:01

Run file:	D:\GitHub\Processor\proc.exe
Directory:	D:\GitHub\Processor

--------------------------------------------------

--------------------------------------------------
TXLib соболезнует...

Программа: D:\GitHub\Processor\proc.exe,

ВНЕЗАПНО: signal (22, 0x00): SIGABRT: Аварийное завершение программы, вызвана функция abort(). 

С помощью функции signal() вы можете сами обработать эту ошибку.

#1: TXLib [Ver: 00173a, Rev: 173, Date: 2024-06-23 22:37:05 +0400], Instance: 0x00007FF6B7FC7E50 (64-bit), Flags: Cmdre0, Thread: 0x2848 (Main), errno: 22 (Invalid argument), _doserrno: 131 (Unknown error). 

--------------------------------------------------
Стек вызовов:



--------------------------------------------------
Developed with:

The Dumb Artist Library (TX Library)
TXLib [Ver: 00173a, Rev: 173, Date: 2024-06-23 22:37:05 +0400]
Copyright (C) Ded (Ilya Dedinsky, http://txlib.ru) <mail@txlib.ru>
See license on: http://txlib.ru

TXLib file:	..\SuperLibs\TXLib.h
Compiled:	Oct 31 2024 00:42:48, GNU g++ 13.2.0, std=201703L, MinGW-W64 Runtime 11.0.1 (alpha - rev. 0) 0000-00-00, 64-bit, Debug
Started:	Oct 31 2024 00:51:26

Run file:	D:\GitHub\Processor\proc.exe
Directory:	D:\GitHub\Processor

--------------------------------------------------

--------------------------------------------------
TXLib предупреждает:

Программа: D:\GitHub\Processor\proc.exe,

ВНЕЗАПНО: Нарушение доступа к памяти.

#1: Исключение EXCEPTION_ACCESS_VIOLATION (0xC0000005) при выполнении кода по адресу 0x00007FFCF19BD2F1. Попытка прочесть данные по адресу 0xFFFFFFFFFFFFFFFF в модуле C:\Windows\System32\msvcrt.dll. Спасибо _txVectoredExceptionHandler(), что сообщил. Люблю его <3

#1: TXLib [Ver: 00173a, Rev: 173, Date: 2024-06-23 22:37:05 +0400], Instance: 0x00007FF6B7FC7E50 (64-bit), Flags: Cmdre0, Thread: 0xC5C (Main), errno: 22 (Invalid argument), _doserrno: 131 (Unknown error). 

--------------------------------------------------
Стек вызовов:



--------------------------------------------------
Developed with:

The Dumb Artist Library (TX Library)
TXLib [Ver: 00173a, Rev: 173, Date: 2024-06-23 22:37:05 +0400]
Copyright (C) Ded (Ilya Dedinsky, http://txlib.ru) <mail@txlib.ru>
See license on: http://txlib.ru

TXLib file:	..\SuperLibs\TXLib.h
Compiled:	Oct 31 2024 00:42:48, GNU g++ 13.2.0, std=201703L, MinGW-W64 Runtime 11.0.1 (alpha - rev. 0) 0000-00-00, 64-bit, Debug
Started:	Oct 31 2024 00:52:26

Run file:	D:\GitHub\Processor\proc.exe
Directory:	D:\GitHub\Processor

--------------------------------------------------

--------------------------------------------------
TXLib соболезнует...

Программа: D:\GitHub\Processor\proc.exe,

ВНЕЗАПНО: signal (11, 0x00): SIGSEGV: Доступ по неверному указателю. Ставьте ассерты! 

Нарушение доступа к памяти.

#1: Исключение EXCEPTION_ACCESS_VIOLATION (0xC0000005) при выполнении кода по адресу 0x00007FFCF19BD2F1. Попытка прочесть данные по адресу 0xFFFFFFFFFFFFFFFF в модуле C:\Windows\System32\msvcrt.dll. Спасибо _txVectoredExceptionHandler(), что сообщил. Люблю его <3

С помощью функции signal() вы можете сами обработать эту ошибку.

#2: TXLib [Ver: 00173a, Rev: 173, Date: 2024-06-23 22:37:05 +0400], Instance: 0x00007FF6B7FC7E50 (64-bit), Flags: Cmdre0, Thread: 0xC5C (Main), errno: 22 (Invalid argument), _doserrno: 131 (Unknown error). 

--------------------------------------------------
Стек вызовов:



--------------------------------------------------
Developed with:

The Dumb Artist Library (TX Library)
TXLib [Ver: 00173a, Rev: 173, Date: 2024-06-23 22:37:05 +0400]
Copyright (C) Ded (Ilya Dedinsky, http://txlib.ru) <mail@txlib.ru>
See license on: http://txlib.ru

TXLib file:	..\SuperLibs\TXLib.h
Compiled:	Oct 31 2024 00:42:48, GNU g++ 13.2.0, std=201703L, MinGW-W64 Runtime 11.0.1 (alpha - rev. 0) 0000-00-00, 64-bit, Debug
Started:	Oct 31 2024 00:52:26

Run file:	D:\GitHub\Processor\proc.exe
Directory:	D:\GitHub\Processor

--------------------------------------------------
